<?xml version="1.0" encoding="UTF-8"?>
<testsuite xmlns:xsi="http://www.w3.org/2001/XMLSchema-instance" xsi:schemaLocation="https://maven.apache.org/surefire/maven-surefire-plugin/xsd/surefire-test-report.xsd" name="TestSuite" time="31.802" tests="63" errors="0" skipped="60" failures="3">
  <properties>
    <property name="java.vendor" value="Oracle Corporation"/>
    <property name="JOB_NAME" value="demo01"/>
    <property name="sun.java.launcher" value="SUN_STANDARD"/>
    <property name="NUMBER_OF_PROCESSORS" value="4"/>
    <property name="sun.management.compiler" value="HotSpot 64-Bit Tiered Compilers"/>
    <property name="JENKINS_HOME" value="C:\Users\User\.jenkins"/>
    <property name="HUDSON_SERVER_COOKIE" value="18ec3803c3d4365f"/>
    <property name="os.name" value="Windows 8"/>
    <property name="sun.boot.class.path" value="C:\Program Files\Java\jdk1.8.0_181\jre\lib\resources.jar;C:\Program Files\Java\jdk1.8.0_181\jre\lib\rt.jar;C:\Program Files\Java\jdk1.8.0_181\jre\lib\sunrsasign.jar;C:\Program Files\Java\jdk1.8.0_181\jre\lib\jsse.jar;C:\Program Files\Java\jdk1.8.0_181\jre\lib\jce.jar;C:\Program Files\Java\jdk1.8.0_181\jre\lib\charsets.jar;C:\Program Files\Java\jdk1.8.0_181\jre\lib\jfr.jar;C:\Program Files\Java\jdk1.8.0_181\jre\classes"/>
    <property name="EXECUTOR_NUMBER" value="1"/>
    <property name="sun.desktop" value="windows"/>
    <property name="PATHEXT" value=".COM;.EXE;.BAT;.CMD;.VBS;.VBE;.JS;.JSE;.WSF;.WSH;.MSC"/>
    <property name="java.vm.specification.vendor" value="Oracle Corporation"/>
    <property name="NODE_LABELS" value="master"/>
    <property name="TEMP" value="C:\Users\User\AppData\Local\Temp"/>
    <property name="java.runtime.version" value="1.8.0_181-b13"/>
    <property name="NVIDIAWHITELISTED" value="0x01"/>
    <property name="_RUNJDB" value="&quot;C:\Program Files\Java\jdk1.8.0_181\bin\jdb.exe&quot;"/>
    <property name="user.name" value="User"/>
    <property name="guice.disable.misplaced.annotation.check" value="true"/>
    <property name="CommonProgramW6432" value="C:\Program Files\Common Files"/>
    <property name="CURRENT_DIR" value="D:\Tomcat8\apache-tomcat-8.0.17\bin"/>
    <property name="ProgramFiles" value="C:\Program Files"/>
    <property name="PROMPT" value="$P$G"/>
    <property name="user.language" value="zh"/>
    <property name="JOB_BASE_NAME" value="demo01"/>
    <property name="RUN_CHANGES_DISPLAY_URL" value="http://unconfigured-jenkins-location/job/demo01/1/display/redirect?page=changes"/>
    <property name="BUILD_DISPLAY_NAME" value="#1"/>
    <property name="sun.boot.library.path" value="C:\Program Files\Java\jdk1.8.0_181\jre\bin"/>
    <property name="ACTION" value="start"/>
    <property name="LOCALAPPDATA" value="C:\Users\User\AppData\Local"/>
    <property name="java.version" value="1.8.0_181"/>
    <property name="PROCESSOR_LEVEL" value="6"/>
    <property name="user.timezone" value="Asia/Shanghai"/>
    <property name="USERNAME" value="User"/>
    <property name="sun.arch.data.model" value="64"/>
    <property name="NODE_NAME" value="master"/>
    <property name="java.endorsed.dirs" value="C:\Program Files\Java\jdk1.8.0_181\jre\lib\endorsed"/>
    <property name="BUILD_ID" value="1"/>
    <property name="sun.cpu.isalist" value="amd64"/>
    <property name="sun.jnu.encoding" value="GBK"/>
    <property name="file.encoding.pkg" value="sun.io"/>
    <property name="file.separator" value="\"/>
    <property name="EXECUTABLE" value="D:\Tomcat8\apache-tomcat-8.0.17\bin\catalina.bat"/>
    <property name="java.specification.name" value="Java Platform API Specification"/>
    <property name="HOMEDRIVE" value="C:"/>
    <property name="maven.conf" value="G:\apache-maven-3.6.3-bin\apache-maven-3.6.3\conf"/>
    <property name="JAVA_ENDORSED_DIRS" value="D:\Tomcat8\apache-tomcat-8.0.17\endorsed"/>
    <property name="java.class.version" value="52.0"/>
    <property name="org.slf4j.simpleLogger.defaultLogLevel" value="info"/>
    <property name="JRE_HOME" value="C:\Program Files\Java\jdk1.8.0_181"/>
    <property name="user.country" value="CN"/>
    <property name="ALLUSERSPROFILE" value="C:\ProgramData"/>
    <property name="java.home" value="C:\Program Files\Java\jdk1.8.0_181\jre"/>
    <property name="LOGGING_MANAGER" value="-Djava.util.logging.manager=org.apache.juli.ClassLoaderLogManager"/>
    <property name="java.vm.info" value="mixed mode"/>
    <property name="os.version" value="6.2"/>
    <property name="CATALINA_HOME" value="D:\Tomcat8\apache-tomcat-8.0.17"/>
    <property name="RUN_DISPLAY_URL" value="http://unconfigured-jenkins-location/job/demo01/1/display/redirect"/>
    <property name="TMP" value="C:\Users\User\AppData\Local\Temp"/>
    <property name="path.separator" value=";"/>
    <property name="java.vm.version" value="25.181-b13"/>
    <property name="JAVA_OPTS" value=" -Djava.util.logging.config.file=&quot;D:\Tomcat8\apache-tomcat-8.0.17\conf\logging.properties&quot; -Djava.util.logging.manager=org.apache.juli.ClassLoaderLogManager"/>
    <property name="user.variant" value=""/>
    <property name="JOB_DISPLAY_URL" value="http://unconfigured-jenkins-location/job/demo01/display/redirect"/>
    <property name="CommonProgramFiles(x86)" value="C:\Program Files (x86)\Common Files"/>
    <property name="USERDOMAIN_ROAMINGPROFILE" value="WINDOWS-H6I2TEN"/>
    <property name="java.awt.printerjob" value="sun.awt.windows.WPrinterJob"/>
    <property name="FP_NO_HOST_CHECK" value="NO"/>
    <property name="sun.io.unicode.encoding" value="UnicodeLittle"/>
    <property name="JAVA_HOME" value="C:\Program Files\Java\jdk1.8.0_181"/>
    <property name="CommonProgramFiles" value="C:\Program Files\Common Files"/>
    <property name="ComSpec" value="C:\Windows\system32\cmd.exe"/>
    <property name="awt.toolkit" value="sun.awt.windows.WToolkit"/>
    <property name="HOMEPATH" value="\Users\User"/>
    <property name="user.script" value=""/>
    <property name="COMPUTERNAME" value="WINDOWS-H6I2TEN"/>
    <property name="user.home" value="C:\Users\User"/>
    <property name="PUBLIC" value="C:\Users\Public"/>
    <property name="BUILD_TAG" value="jenkins-demo01-1"/>
    <property name="JENKINS_SERVER_COOKIE" value="18ec3803c3d4365f"/>
    <property name="ProgramData" value="C:\ProgramData"/>
    <property name="java.specification.vendor" value="Oracle Corporation"/>
    <property name="USERPROFILE" value="C:\Users\User"/>
    <property name="CLASSPATH" value=""/>
    <property name="java.vendor.url" value="http://java.oracle.com/"/>
    <property name="java.library.path" value="C:\Program Files\Java\jdk1.8.0_181\bin;C:\Windows\Sun\Java\bin;C:\Windows\system32;C:\Windows;G:\apache-maven-3.6.3-bin\apache-maven-3.6.3/bin;C:\Program Files (x86)\Common Files\Oracle\Java\javapath;C:\ProgramData\IMP2POcx\;C:\Windows\system32;C:\Windows;C:\Windows\System32\Wbem;C:\Windows\System32\WindowsPowerShell\v1.0\;C:\java2\bin;C:\java2\jre\bin;C:\Program Files (x86)\MySQL\MySQL Server 5.5\bin;;C:\Program Files (x86)\NVIDIA Corporation\PhysX\Common;;."/>
    <property name="java.vm.vendor" value="Oracle Corporation"/>
    <property name="APPDATA" value="C:\Users\User\AppData\Roaming"/>
    <property name="SHIM_MCCOMPAT" value="0x810000001"/>
    <property name="java.runtime.name" value="Java(TM) SE Runtime Environment"/>
    <property name="maven.home" value="G:\apache-maven-3.6.3-bin\apache-maven-3.6.3"/>
    <property name="java.class.path" value="C:\Users\User\.jenkins\plugins\maven-plugin\WEB-INF\lib\maven35-agent-1.13.jar;G:\apache-maven-3.6.3-bin\apache-maven-3.6.3\boot\plexus-classworlds-2.6.0.jar;G:\apache-maven-3.6.3-bin\apache-maven-3.6.3/conf/logging"/>
    <property name="sun.java.command" value="jenkins.maven3.agent.Maven35Main G:\apache-maven-3.6.3-bin\apache-maven-3.6.3 D:\Tomcat8\apache-tomcat-8.0.17\webapps\jenkins\WEB-INF\lib\remoting-4.2.jar C:\Users\User\.jenkins\plugins\maven-plugin\WEB-INF\lib\maven35-interceptor-1.13.jar C:\Users\User\.jenkins\plugins\maven-plugin\WEB-INF\lib\maven3-interceptor-commons-1.13.jar 50074"/>
    <property name="Path" value="C:\Program Files (x86)\Common Files\Oracle\Java\javapath;C:\ProgramData\IMP2POcx\;C:\Windows\system32;C:\Windows;C:\Windows\System32\Wbem;C:\Windows\System32\WindowsPowerShell\v1.0\;C:\java2\bin;C:\java2\jre\bin;C:\Program Files (x86)\MySQL\MySQL Server 5.5\bin;;C:\Program Files (x86)\NVIDIA Corporation\PhysX\Common;"/>
    <property name="java.vm.specification.name" value="Java Virtual Machine Specification"/>
    <property name="PROCESSOR_ARCHITECTURE" value="AMD64"/>
    <property name="PROCESSOR_IDENTIFIER" value="Intel64 Family 6 Model 42 Stepping 7, GenuineIntel"/>
    <property name="SESSIONNAME" value="Console"/>
    <property name="java.vm.specification.version" value="1.8"/>
    <property name="sun.os.patch.level" value=""/>
    <property name="CATALINA_BASE" value="D:\Tomcat8\apache-tomcat-8.0.17"/>
    <property name="sun.cpu.endian" value="little"/>
    <property name="M2_HOME" value="G:\apache-maven-3.6.3-bin\apache-maven-3.6.3"/>
    <property name="=D:" value="D:\Tomcat8\apache-tomcat-8.0.17\bin"/>
    <property name="java.io.tmpdir" value="C:\Users\User\AppData\Local\Temp\"/>
    <property name="OS" value="Windows_NT"/>
    <property name="TITLE" value="Tomcat"/>
    <property name="HUDSON_HOME" value="C:\Users\User\.jenkins"/>
    <property name="PATH+MAVEN" value="G:\apache-maven-3.6.3-bin\apache-maven-3.6.3/bin"/>
    <property name="ProgramFiles(x86)" value="C:\Program Files (x86)"/>
    <property name="_EXECJAVA" value="start &quot;Tomcat&quot; &quot;C:\Program Files\Java\jdk1.8.0_181\bin\java.exe&quot;"/>
    <property name="java.vendor.url.bug" value="http://bugreport.sun.com/bugreport/"/>
    <property name="java.awt.graphicsenv" value="sun.awt.Win32GraphicsEnvironment"/>
    <property name="os.arch" value="amd64"/>
    <property name="SystemRoot" value="C:\Windows"/>
    <property name="LOGGING_CONFIG" value="-Djava.util.logging.config.file=&quot;D:\Tomcat8\apache-tomcat-8.0.17\conf\logging.properties&quot;"/>
    <property name="java.ext.dirs" value="C:\Program Files\Java\jdk1.8.0_181\jre\lib\ext;C:\Windows\Sun\Java\lib\ext"/>
    <property name="user.dir" value="C:\Users\User\IdeaProjects\webDemo"/>
    <property name="CATALINA_TMPDIR" value="D:\Tomcat8\apache-tomcat-8.0.17\temp"/>
    <property name="_RUNJAVA" value="&quot;C:\Program Files\Java\jdk1.8.0_181\bin\java.exe&quot;"/>
    <property name="LOGONSERVER" value="\\WINDOWS-H6I2TEN"/>
    <property name="USERDOMAIN" value="WINDOWS-H6I2TEN"/>
    <property name="line.separator" value="&#10;"/>
    <property name="MAVEN_HOME" value="G:\apache-maven-3.6.3-bin\apache-maven-3.6.3"/>
    <property name="java.vm.name" value="Java HotSpot(TM) 64-Bit Server VM"/>
    <property name="BUILD_NUMBER" value="1"/>
    <property name="PROCESSOR_REVISION" value="2a07"/>
    <property name="ProgramW6432" value="C:\Program Files"/>
    <property name="windir" value="C:\Windows"/>
    <property name="file.encoding" value="GBK"/>
    <property name="SystemDrive" value="C:"/>
    <property name="maven3.interceptor" value="C:\Users\User\.jenkins\plugins\maven-plugin\WEB-INF\lib\maven35-interceptor-1.13.jar"/>
    <property name="WORKSPACE_TMP" value="C:\Users\User\.jenkins\workspace\demo01@tmp"/>
    <property name="WORKSPACE" value="C:\Users\User\.jenkins\workspace\demo01"/>
    <property name="maven3.interceptor.common" value="C:\Users\User\.jenkins\plugins\maven-plugin\WEB-INF\lib\maven3-interceptor-commons-1.13.jar"/>
    <property name="MAINCLASS" value="org.apache.catalina.startup.Bootstrap"/>
    <property name="java.specification.version" value="1.8"/>
    <property name="PSModulePath" value="C:\Windows\system32\WindowsPowerShell\v1.0\Modules\"/>
  </properties>
  <testcase name="openBroser" classname="thread.test08" time="30.888">
    <failure message="Could not start a new session. Possible causes are invalid address of the remote server or browser start-up failure.&#10;Build info: version: &apos;3.141.59&apos;, revision: &apos;e82be7d358&apos;, time: &apos;2018-11-14T08:17:03&apos;&#10;System info: host: &apos;WINDOWS-H6I2TEN&apos;, ip: &apos;192.168.43.105&apos;, os.name: &apos;Windows 8&apos;, os.arch: &apos;amd64&apos;, os.version: &apos;6.2&apos;, java.version: &apos;1.8.0_181&apos;&#10;Driver info: driver.version: RemoteWebDriver" type="org.openqa.selenium.remote.UnreachableBrowserException">org.openqa.selenium.remote.UnreachableBrowserException: 
Could not start a new session. Possible causes are invalid address of the remote server or browser start-up failure.
Build info: version: '3.141.59', revision: 'e82be7d358', time: '2018-11-14T08:17:03'
System info: host: 'WINDOWS-H6I2TEN', ip: '192.168.43.105', os.name: 'Windows 8', os.arch: 'amd64', os.version: '6.2', java.version: '1.8.0_181'
Driver info: driver.version: RemoteWebDriver
	at thread.test08.openBroser(test08.java:26)
Caused by: java.net.ConnectException: Failed to connect to /192.168.1.23:4444
	at thread.test08.openBroser(test08.java:26)
Caused by: java.net.ConnectException: Connection timed out: connect
	at thread.test08.openBroser(test08.java:26)
</failure>
    <system-err><![CDATA[五月 08, 2020 7:17:23 下午 org.openqa.selenium.remote.DesiredCapabilities chrome
信息: Using `new ChromeOptions()` is preferred to `DesiredCapabilities.chrome()`
五月 08, 2020 7:17:23 下午 org.openqa.selenium.remote.DesiredCapabilities chrome
信息: Using `new ChromeOptions()` is preferred to `DesiredCapabilities.chrome()`
五月 08, 2020 7:17:23 下午 org.openqa.selenium.remote.DesiredCapabilities chrome
信息: Using `new ChromeOptions()` is preferred to `DesiredCapabilities.chrome()`
]]></system-err>
  </testcase>
  <testcase name="openBroser" classname="thread.test08" time="0">
    <skipped/>
  </testcase>
  <testcase name="openBroser" classname="thread.test08" time="0">
    <skipped/>
  </testcase>
  <testcase name="openBroser" classname="thread.test08" time="0">
    <skipped/>
  </testcase>
  <testcase name="openBroser" classname="thread.test08" time="0">
    <skipped/>
  </testcase>
  <testcase name="openBroser" classname="thread.test08" time="0">
    <skipped/>
  </testcase>
  <testcase name="openBroser" classname="thread.test08" time="0">
    <skipped/>
  </testcase>
  <testcase name="openBroser" classname="thread.test07" time="30.89">
    <failure message="Could not start a new session. Possible causes are invalid address of the remote server or browser start-up failure.&#10;Build info: version: &apos;3.141.59&apos;, revision: &apos;e82be7d358&apos;, time: &apos;2018-11-14T08:17:03&apos;&#10;System info: host: &apos;WINDOWS-H6I2TEN&apos;, ip: &apos;192.168.43.105&apos;, os.name: &apos;Windows 8&apos;, os.arch: &apos;amd64&apos;, os.version: &apos;6.2&apos;, java.version: &apos;1.8.0_181&apos;&#10;Driver info: driver.version: RemoteWebDriver" type="org.openqa.selenium.remote.UnreachableBrowserException">org.openqa.selenium.remote.UnreachableBrowserException: 
Could not start a new session. Possible causes are invalid address of the remote server or browser start-up failure.
Build info: version: '3.141.59', revision: 'e82be7d358', time: '2018-11-14T08:17:03'
System info: host: 'WINDOWS-H6I2TEN', ip: '192.168.43.105', os.name: 'Windows 8', os.arch: 'amd64', os.version: '6.2', java.version: '1.8.0_181'
Driver info: driver.version: RemoteWebDriver
	at thread.test07.openBroser(test07.java:26)
Caused by: java.net.ConnectException: Failed to connect to /192.168.1.23:4444
	at thread.test07.openBroser(test07.java:26)
Caused by: java.net.ConnectException: Connection timed out: connect
	at thread.test07.openBroser(test07.java:26)
</failure>
  </testcase>
  <testcase name="openBroser" classname="thread.test07" time="0">
    <skipped/>
  </testcase>
  <testcase name="openBroser" classname="thread.test07" time="0">
    <skipped/>
  </testcase>
  <testcase name="openBroser" classname="thread.test07" time="0">
    <skipped/>
  </testcase>
  <testcase name="openBroser" classname="thread.test07" time="0">
    <skipped/>
  </testcase>
  <testcase name="openBroser" classname="thread.test07" time="0">
    <skipped/>
  </testcase>
  <testcase name="openBroser" classname="thread.test07" time="0">
    <skipped/>
  </testcase>
  <testcase name="openBroser" classname="thread.test09" time="30.89">
    <failure message="Could not start a new session. Possible causes are invalid address of the remote server or browser start-up failure.&#10;Build info: version: &apos;3.141.59&apos;, revision: &apos;e82be7d358&apos;, time: &apos;2018-11-14T08:17:03&apos;&#10;System info: host: &apos;WINDOWS-H6I2TEN&apos;, ip: &apos;192.168.43.105&apos;, os.name: &apos;Windows 8&apos;, os.arch: &apos;amd64&apos;, os.version: &apos;6.2&apos;, java.version: &apos;1.8.0_181&apos;&#10;Driver info: driver.version: RemoteWebDriver" type="org.openqa.selenium.remote.UnreachableBrowserException">org.openqa.selenium.remote.UnreachableBrowserException: 
Could not start a new session. Possible causes are invalid address of the remote server or browser start-up failure.
Build info: version: '3.141.59', revision: 'e82be7d358', time: '2018-11-14T08:17:03'
System info: host: 'WINDOWS-H6I2TEN', ip: '192.168.43.105', os.name: 'Windows 8', os.arch: 'amd64', os.version: '6.2', java.version: '1.8.0_181'
Driver info: driver.version: RemoteWebDriver
	at thread.test09.openBroser(test09.java:25)
Caused by: java.net.ConnectException: Failed to connect to /192.168.1.23:4444
	at thread.test09.openBroser(test09.java:25)
Caused by: java.net.ConnectException: Connection timed out: connect
	at thread.test09.openBroser(test09.java:25)
</failure>
  </testcase>
  <testcase name="openBroser" classname="thread.test09" time="0">
    <skipped/>
  </testcase>
  <testcase name="openBroser" classname="thread.test09" time="0">
    <skipped/>
  </testcase>
  <testcase name="openBroser" classname="thread.test09" time="0">
    <skipped/>
  </testcase>
  <testcase name="openBroser" classname="thread.test09" time="0">
    <skipped/>
  </testcase>
  <testcase name="openBroser" classname="thread.test09" time="0">
    <skipped/>
  </testcase>
  <testcase name="openBroser" classname="thread.test09" time="0">
    <skipped/>
  </testcase>
  <testcase name="test" classname="thread.test09" time="0">
    <skipped/>
  </testcase>
  <testcase name="test" classname="thread.test09" time="0">
    <skipped/>
  </testcase>
  <testcase name="test" classname="thread.test09" time="0">
    <skipped/>
  </testcase>
  <testcase name="closeBroser" classname="thread.test09" time="0">
    <skipped/>
  </testcase>
  <testcase name="closeBroser" classname="thread.test09" time="0">
    <skipped/>
  </testcase>
  <testcase name="closeBroser" classname="thread.test09" time="0">
    <skipped/>
  </testcase>
  <testcase name="closeBroser" classname="thread.test09" time="0">
    <skipped/>
  </testcase>
  <testcase name="closeBroser" classname="thread.test09" time="0">
    <skipped/>
  </testcase>
  <testcase name="closeBroser" classname="thread.test09" time="0">
    <skipped/>
  </testcase>
  <testcase name="closeBroser" classname="thread.test09" time="0">
    <skipped/>
  </testcase>
  <testcase name="test" classname="thread.test08" time="0">
    <skipped/>
  </testcase>
  <testcase name="test" classname="thread.test08" time="0">
    <skipped/>
  </testcase>
  <testcase name="test" classname="thread.test08" time="0">
    <skipped/>
  </testcase>
  <testcase name="closeBroser" classname="thread.test08" time="0">
    <skipped/>
  </testcase>
  <testcase name="closeBroser" classname="thread.test08" time="0">
    <skipped/>
  </testcase>
  <testcase name="closeBroser" classname="thread.test08" time="0">
    <skipped/>
  </testcase>
  <testcase name="closeBroser" classname="thread.test08" time="0">
    <skipped/>
  </testcase>
  <testcase name="closeBroser" classname="thread.test08" time="0">
    <skipped/>
  </testcase>
  <testcase name="closeBroser" classname="thread.test08" time="0">
    <skipped/>
  </testcase>
  <testcase name="closeBroser" classname="thread.test08" time="0">
    <skipped/>
  </testcase>
  <testcase name="test" classname="thread.test07" time="0">
    <skipped/>
  </testcase>
  <testcase name="test" classname="thread.test07" time="0">
    <skipped/>
  </testcase>
  <testcase name="test" classname="thread.test07" time="0">
    <skipped/>
  </testcase>
  <testcase name="closeBroser" classname="thread.test07" time="0">
    <skipped/>
  </testcase>
  <testcase name="closeBroser" classname="thread.test07" time="0">
    <skipped/>
  </testcase>
  <testcase name="closeBroser" classname="thread.test07" time="0">
    <skipped/>
  </testcase>
  <testcase name="closeBroser" classname="thread.test07" time="0">
    <skipped/>
  </testcase>
  <testcase name="closeBroser" classname="thread.test07" time="0">
    <skipped/>
  </testcase>
  <testcase name="closeBroser" classname="thread.test07" time="0">
    <skipped/>
  </testcase>
  <testcase name="closeBroser" classname="thread.test07" time="0">
    <skipped/>
  </testcase>
  <testcase name="test2" classname="thread.test09" time="0">
    <skipped/>
  </testcase>
  <testcase name="test2" classname="thread.test09" time="0">
    <skipped/>
  </testcase>
  <testcase name="test2" classname="thread.test09" time="0">
    <skipped/>
  </testcase>
  <testcase name="m" classname="thread.test09" time="0">
    <skipped/>
  </testcase>
  <testcase name="test2" classname="thread.test08" time="0">
    <skipped/>
  </testcase>
  <testcase name="test2" classname="thread.test08" time="0">
    <skipped/>
  </testcase>
  <testcase name="test2" classname="thread.test08" time="0">
    <skipped/>
  </testcase>
  <testcase name="m" classname="thread.test08" time="0">
    <skipped/>
  </testcase>
  <testcase name="test2" classname="thread.test07" time="0">
    <skipped/>
  </testcase>
  <testcase name="test2" classname="thread.test07" time="0">
    <skipped/>
  </testcase>
  <testcase name="test2" classname="thread.test07" time="0">
    <skipped/>
  </testcase>
  <testcase name="m" classname="thread.test07" time="0">
    <skipped/>
  </testcase>
</testsuite>